<?xml version="1.0" encoding="UTF-8"?>
<!-- Generated by org.testng.reporters.JUnitReportReporter -->
<testsuite skipped="1" hostname="DESKTOP-I2FKUVF" name="com.test.TestNGFeatures" tests="4" failures="0" timestamp="19 May 2018 13:04:49 GMT" time="0.015" errors="0">
  <testcase name="HomePageTest" time="0.015" classname="com.test.TestNGFeatures"/>
  <testcase name="SearchPageTest" time="0.000" classname="com.test.TestNGFeatures"/>
  <testcase name="loginTest" time="0.000" classname="com.test.TestNGFeatures"/>
  <testcase name="RegPageTest" classname="com.test.TestNGFeatures">
    <skipped/>
  </testcase> <!-- RegPageTest -->
</testsuite> <!-- com.test.TestNGFeatures -->
