<?xml version="1.0" encoding="UTF-8"?>
<!-- Generated by org.testng.reporters.JUnitReportReporter -->
<testsuite skipped="0" hostname="DESKTOP-I2FKUVF" name="ParameterTest.ParameterTesting" tests="1" failures="0" timestamp="19 May 2018 07:10:02 GMT" time="9.173" errors="0">
  <testcase name="yahooLoginTest" time="9.173" classname="ParameterTest.ParameterTesting"/>
</testsuite> <!-- ParameterTest.ParameterTesting -->
