<?xml version="1.0" encoding="UTF-8"?>
<!-- Generated by org.testng.reporters.JUnitReportReporter -->
<testsuite skipped="0" hostname="DESKTOP-I2FKUVF" name="com.test.TestNGBasics" tests="3" failures="0" timestamp="19 May 2018 06:22:00 GMT" time="0.018" errors="0">
  <testcase name="searchTest" time="0.003" classname="com.test.TestNGBasics"/>
  <testcase name="googleTitleTest" time="0.015" classname="com.test.TestNGBasics"/>
  <testcase name="googlelogoTest" time="0.000" classname="com.test.TestNGBasics"/>
</testsuite> <!-- com.test.TestNGBasics -->
