<?xml version="1.0" encoding="UTF-8"?>
<!-- Generated by org.testng.reporters.JUnitReportReporter -->
<testsuite skipped="0" hostname="DESKTOP-I2FKUVF" name="com.test.InvocationCount" tests="10" failures="0" timestamp="19 May 2018 06:22:00 GMT" time="0.077" errors="0">
  <testcase name="sum" time="0.000" classname="com.test.InvocationCount"/>
  <testcase name="sum" time="0.031" classname="com.test.InvocationCount"/>
  <testcase name="sum" time="0.015" classname="com.test.InvocationCount"/>
  <testcase name="sum" time="0.031" classname="com.test.InvocationCount"/>
  <testcase name="sum" time="0.000" classname="com.test.InvocationCount"/>
  <testcase name="sum" time="0.000" classname="com.test.InvocationCount"/>
  <testcase name="sum" time="0.000" classname="com.test.InvocationCount"/>
  <testcase name="sum" time="0.000" classname="com.test.InvocationCount"/>
  <testcase name="sum" time="0.000" classname="com.test.InvocationCount"/>
  <testcase name="sum" time="0.000" classname="com.test.InvocationCount"/>
</testsuite> <!-- com.test.InvocationCount -->
